
> client@0.1.0 start
> PORT=443 HTTPS=true SSL_CRT_FILE=../../../../etc/letsencrypt/live/postexpired.com/cert.pem SSL_KEY_FILE=../../../../etc/letsencrypt/live/postexpired.com/privkey.pem react-scripts start

(node:8051) [DEP_WEBPACK_DEV_SERVER_HTTPS] DeprecationWarning: 'https' option is deprecated. Please use the 'server' option.
(Use `node --trace-deprecation ...` to show where the warning was created)
(node:8051) [DEP_WEBPACK_DEV_SERVER_ON_AFTER_SETUP_MIDDLEWARE] DeprecationWarning: 'onAfterSetupMiddleware' option is deprecated. Please use the 'setupMiddlewares' option.
(node:8051) [DEP_WEBPACK_DEV_SERVER_ON_BEFORE_SETUP_MIDDLEWARE] DeprecationWarning: 'onBeforeSetupMiddleware' option is deprecated. Please use the 'setupMiddlewares' option.
Starting the development server...

Compiled successfully!

You can now view client in the browser.

  Local:            https://localhost:443
  On Your Network:  https://172.31.89.69:443

Note that the development build is not optimized.
To create a production build, use npm run build.

webpack compiled successfully

> client@0.1.0 start
> PORT=443 HTTPS=true SSL_CRT_FILE=../../../../etc/letsencrypt/live/postexpired.com/cert.pem SSL_KEY_FILE=../../../../etc/letsencrypt/live/postexpired.com/privkey.pem react-scripts start

Something is already running on port 443.
ForbiddenError: Forbidden
    at /home/ec2-user/client/node_modules/serve-index/index.js:125:19
    at middleware (/home/ec2-user/client/node_modules/webpack-dev-server/lib/Server.js:2355:18)
    at Layer.handle [as handle_request] (/home/ec2-user/client/node_modules/express/lib/router/layer.js:95:5)
    at trim_prefix (/home/ec2-user/client/node_modules/express/lib/router/index.js:328:13)
    at /home/ec2-user/client/node_modules/express/lib/router/index.js:286:9
    at Function.process_params (/home/ec2-user/client/node_modules/express/lib/router/index.js:346:12)
    at next (/home/ec2-user/client/node_modules/express/lib/router/index.js:280:10)
    at SendStream.error (/home/ec2-user/client/node_modules/serve-static/index.js:121:7)
    at SendStream.emit (node:events:527:28)
    at SendStream.error (/home/ec2-user/client/node_modules/send/index.js:270:17)
ForbiddenError: Forbidden
    at /home/ec2-user/client/node_modules/serve-index/index.js:125:19
    at middleware (/home/ec2-user/client/node_modules/webpack-dev-server/lib/Server.js:2355:18)
    at Layer.handle [as handle_request] (/home/ec2-user/client/node_modules/express/lib/router/layer.js:95:5)
    at trim_prefix (/home/ec2-user/client/node_modules/express/lib/router/index.js:328:13)
    at /home/ec2-user/client/node_modules/express/lib/router/index.js:286:9
    at Function.process_params (/home/ec2-user/client/node_modules/express/lib/router/index.js:346:12)
    at next (/home/ec2-user/client/node_modules/express/lib/router/index.js:280:10)
    at SendStream.error (/home/ec2-user/client/node_modules/serve-static/index.js:121:7)
    at SendStream.emit (node:events:527:28)
    at SendStream.error (/home/ec2-user/client/node_modules/send/index.js:270:17)
Compiling...
Failed to compile.

Module not found: Error: Can't resolve 'axios' in '/home/ec2-user/client/src/api'
Did you mean './axios'?
Requests that should resolve in the current directory need to start with './'.
Requests that start with a name are treated as module requests and resolve within module directories (node_modules, /home/ec2-user/client/node_modules).
If changing the source code is not an option there is also a resolve options called 'preferRelative' which tries to resolve these kind of requests in the current directory too.
WARNING in src/components/Login/google.jsx
  Line 6:10:   'createUser' is defined but never used                                                                   no-unused-vars
  Line 14:9:   'handleFailure' is assigned a value but never used                                                       no-unused-vars
  Line 18:12:  'getCookie' is defined but never used                                                                    no-unused-vars
  Line 23:26:  Expected '===' and instead saw '=='                                                                      eqeqeq
  Line 26:27:  Expected '===' and instead saw '=='                                                                      eqeqeq
  Line 48:6:   React Hook useEffect has a missing dependency: 'user'. Either include it or remove the dependency array  react-hooks/exhaustive-deps

src/index.js
  Line 3:10:  'createStore' is defined but never used  no-unused-vars

src/reducers/users.js
  Line 12:1:  Assign arrow function to a variable before exporting as module default  import/no-anonymous-default-export

ERROR in ./src/api/index.js 3:0-26
Module not found: Error: Can't resolve 'axios' in '/home/ec2-user/client/src/api'
Did you mean './axios'?
Requests that should resolve in the current directory need to start with './'.
Requests that start with a name are treated as module requests and resolve within module directories (node_modules, /home/ec2-user/client/node_modules).
If changing the source code is not an option there is also a resolve options called 'preferRelative' which tries to resolve these kind of requests in the current directory too.

ERROR in ./src/components/Login/google.jsx 9:0-55
Module not found: Error: Can't resolve 'react-redux' in '/home/ec2-user/client/src/components/Login'

ERROR in ./src/index.js 5:0-39
Module not found: Error: Can't resolve 'react-redux' in '/home/ec2-user/client/src'

ERROR in ./src/index.js 6:0-36
Module not found: Error: Can't resolve 'redux' in '/home/ec2-user/client/src'

ERROR in ./src/index.js 7:0-50
Module not found: Error: Can't resolve '@reduxjs/toolkit' in '/home/ec2-user/client/src'

ERROR in ./src/reducers/index.js 3:0-40
Module not found: Error: Can't resolve 'redux' in '/home/ec2-user/client/src/reducers'

webpack compiled with 6 errors and 1 warning
Compiling...
Failed to compile.

Module not found: Error: Can't resolve 'axios' in '/home/ec2-user/client/src/api'
Did you mean './axios'?
Requests that should resolve in the current directory need to start with './'.
Requests that start with a name are treated as module requests and resolve within module directories (node_modules, /home/ec2-user/client/node_modules).
If changing the source code is not an option there is also a resolve options called 'preferRelative' which tries to resolve these kind of requests in the current directory too.
WARNING in src/components/Login/google.jsx
  Line 6:10:   'createUser' is defined but never used                                                                   no-unused-vars
  Line 14:9:   'handleFailure' is assigned a value but never used                                                       no-unused-vars
  Line 18:12:  'getCookie' is defined but never used                                                                    no-unused-vars
  Line 23:26:  Expected '===' and instead saw '=='                                                                      eqeqeq
  Line 26:27:  Expected '===' and instead saw '=='                                                                      eqeqeq
  Line 48:6:   React Hook useEffect has a missing dependency: 'user'. Either include it or remove the dependency array  react-hooks/exhaustive-deps

src/index.js
  Line 3:10:  'createStore' is defined but never used  no-unused-vars

src/reducers/users.js
  Line 12:1:  Assign arrow function to a variable before exporting as module default  import/no-anonymous-default-export

ERROR in ./src/api/index.js 3:0-26
Module not found: Error: Can't resolve 'axios' in '/home/ec2-user/client/src/api'
Did you mean './axios'?
Requests that should resolve in the current directory need to start with './'.
Requests that start with a name are treated as module requests and resolve within module directories (node_modules, /home/ec2-user/client/node_modules).
If changing the source code is not an option there is also a resolve options called 'preferRelative' which tries to resolve these kind of requests in the current directory too.

ERROR in ./src/components/Home/address.js 7:0-92
Module not found: Error: Can't resolve 'react-places-autocomplete' in '/home/ec2-user/client/src/components/Home'

ERROR in ./src/components/Login/google.jsx 9:0-55
Module not found: Error: Can't resolve 'react-redux' in '/home/ec2-user/client/src/components/Login'

ERROR in ./src/index.js 5:0-39
Module not found: Error: Can't resolve 'react-redux' in '/home/ec2-user/client/src'

ERROR in ./src/index.js 6:0-36
Module not found: Error: Can't resolve 'redux' in '/home/ec2-user/client/src'

ERROR in ./src/index.js 7:0-50
Module not found: Error: Can't resolve '@reduxjs/toolkit' in '/home/ec2-user/client/src'

ERROR in ./src/reducers/index.js 3:0-40
Module not found: Error: Can't resolve 'redux' in '/home/ec2-user/client/src/reducers'

webpack compiled with 7 errors and 1 warning
Compiling...
Failed to compile.

Module not found: Error: Can't resolve 'axios' in '/home/ec2-user/client/src/api'
Did you mean './axios'?
Requests that should resolve in the current directory need to start with './'.
Requests that start with a name are treated as module requests and resolve within module directories (node_modules, /home/ec2-user/client/node_modules).
If changing the source code is not an option there is also a resolve options called 'preferRelative' which tries to resolve these kind of requests in the current directory too.
LOG from webpack.FileSystemInfo
<w> Managed item /home/ec2-user/client/node_modules/redux isn't a directory or doesn't contain a package.json (see snapshot.managedPaths option)
<w> Managed item /home/ec2-user/client/node_modules/@reduxjs/toolkit isn't a directory or doesn't contain a package.json (see snapshot.managedPaths option)
<w> Managed item /home/ec2-user/client/node_modules/react-places-autocomplete isn't a directory or doesn't contain a package.json (see snapshot.managedPaths option)
+ 17 hidden lines

WARNING in src/components/Login/google.jsx
  Line 6:10:   'createUser' is defined but never used                                                                   no-unused-vars
  Line 14:9:   'handleFailure' is assigned a value but never used                                                       no-unused-vars
  Line 18:12:  'getCookie' is defined but never used                                                                    no-unused-vars
  Line 23:26:  Expected '===' and instead saw '=='                                                                      eqeqeq
  Line 26:27:  Expected '===' and instead saw '=='                                                                      eqeqeq
  Line 48:6:   React Hook useEffect has a missing dependency: 'user'. Either include it or remove the dependency array  react-hooks/exhaustive-deps

src/index.js
  Line 3:10:  'createStore' is defined but never used  no-unused-vars

src/reducers/users.js
  Line 12:1:  Assign arrow function to a variable before exporting as module default  import/no-anonymous-default-export

ERROR in ./src/api/index.js 3:0-26
Module not found: Error: Can't resolve 'axios' in '/home/ec2-user/client/src/api'
Did you mean './axios'?
Requests that should resolve in the current directory need to start with './'.
Requests that start with a name are treated as module requests and resolve within module directories (node_modules, /home/ec2-user/client/node_modules).
If changing the source code is not an option there is also a resolve options called 'preferRelative' which tries to resolve these kind of requests in the current directory too.

ERROR in ./src/components/Home/address.js 7:0-92
Module not found: Error: Can't resolve 'react-places-autocomplete' in '/home/ec2-user/client/src/components/Home'

ERROR in ./src/components/Login/google.jsx 9:0-55
Module not found: Error: Can't resolve 'react-redux' in '/home/ec2-user/client/src/components/Login'

ERROR in ./src/index.js 5:0-39
Module not found: Error: Can't resolve 'react-redux' in '/home/ec2-user/client/src'

ERROR in ./src/index.js 6:0-36
Module not found: Error: Can't resolve 'redux' in '/home/ec2-user/client/src'

ERROR in ./src/index.js 7:0-50
Module not found: Error: Can't resolve '@reduxjs/toolkit' in '/home/ec2-user/client/src'

ERROR in ./src/reducers/index.js 3:0-40
Module not found: Error: Can't resolve 'redux' in '/home/ec2-user/client/src/reducers'

webpack compiled with 7 errors and 1 warning
Compiling...
Failed to compile.

Module not found: Error: Can't resolve 'axios' in '/home/ec2-user/client/src/api'
Did you mean './axios'?
Requests that should resolve in the current directory need to start with './'.
Requests that start with a name are treated as module requests and resolve within module directories (node_modules, /home/ec2-user/client/node_modules).
If changing the source code is not an option there is also a resolve options called 'preferRelative' which tries to resolve these kind of requests in the current directory too.
WARNING in src/components/Login/google.jsx
  Line 6:10:   'createUser' is defined but never used                                                                   no-unused-vars
  Line 14:9:   'handleFailure' is assigned a value but never used                                                       no-unused-vars
  Line 18:12:  'getCookie' is defined but never used                                                                    no-unused-vars
  Line 23:26:  Expected '===' and instead saw '=='                                                                      eqeqeq
  Line 26:27:  Expected '===' and instead saw '=='                                                                      eqeqeq
  Line 48:6:   React Hook useEffect has a missing dependency: 'user'. Either include it or remove the dependency array  react-hooks/exhaustive-deps

src/index.js
  Line 3:10:  'createStore' is defined but never used  no-unused-vars

src/reducers/users.js
  Line 12:1:  Assign arrow function to a variable before exporting as module default  import/no-anonymous-default-export

ERROR in ./src/api/index.js 3:0-26
Module not found: Error: Can't resolve 'axios' in '/home/ec2-user/client/src/api'
Did you mean './axios'?
Requests that should resolve in the current directory need to start with './'.
Requests that start with a name are treated as module requests and resolve within module directories (node_modules, /home/ec2-user/client/node_modules).
If changing the source code is not an option there is also a resolve options called 'preferRelative' which tries to resolve these kind of requests in the current directory too.

ERROR in ./src/components/Home/address.js 7:0-92
Module not found: Error: Can't resolve 'react-places-autocomplete' in '/home/ec2-user/client/src/components/Home'

ERROR in ./src/components/Login/google.jsx 9:0-55
Module not found: Error: Can't resolve 'react-redux' in '/home/ec2-user/client/src/components/Login'

ERROR in ./src/index.js 5:0-39
Module not found: Error: Can't resolve 'react-redux' in '/home/ec2-user/client/src'

ERROR in ./src/index.js 7:0-50
Module not found: Error: Can't resolve '@reduxjs/toolkit' in '/home/ec2-user/client/src'

webpack compiled with 5 errors and 1 warning
Compiling...
Compiled with warnings.

src/components/Login/google.jsx
  Line 6:10:   'createUser' is defined but never used                                                                   no-unused-vars
  Line 14:9:   'handleFailure' is assigned a value but never used                                                       no-unused-vars
  Line 18:12:  'getCookie' is defined but never used                                                                    no-unused-vars
  Line 23:26:  Expected '===' and instead saw '=='                                                                      eqeqeq
  Line 26:27:  Expected '===' and instead saw '=='                                                                      eqeqeq
  Line 48:6:   React Hook useEffect has a missing dependency: 'user'. Either include it or remove the dependency array  react-hooks/exhaustive-deps

src/index.js
  Line 3:10:  'createStore' is defined but never used  no-unused-vars

src/reducers/users.js
  Line 12:1:  Assign arrow function to a variable before exporting as module default  import/no-anonymous-default-export

Search for the keywords to learn more about each warning.
To ignore, add // eslint-disable-next-line to the line before.

WARNING in src/components/Login/google.jsx
  Line 6:10:   'createUser' is defined but never used                                                                   no-unused-vars
  Line 14:9:   'handleFailure' is assigned a value but never used                                                       no-unused-vars
  Line 18:12:  'getCookie' is defined but never used                                                                    no-unused-vars
  Line 23:26:  Expected '===' and instead saw '=='                                                                      eqeqeq
  Line 26:27:  Expected '===' and instead saw '=='                                                                      eqeqeq
  Line 48:6:   React Hook useEffect has a missing dependency: 'user'. Either include it or remove the dependency array  react-hooks/exhaustive-deps

src/index.js
  Line 3:10:  'createStore' is defined but never used  no-unused-vars

src/reducers/users.js
  Line 12:1:  Assign arrow function to a variable before exporting as module default  import/no-anonymous-default-export

webpack compiled with 1 warning
ForbiddenError: Forbidden
    at /home/ec2-user/client/node_modules/serve-index/index.js:125:19
    at middleware (/home/ec2-user/client/node_modules/webpack-dev-server/lib/Server.js:2355:18)
    at Layer.handle [as handle_request] (/home/ec2-user/client/node_modules/express/lib/router/layer.js:95:5)
    at trim_prefix (/home/ec2-user/client/node_modules/express/lib/router/index.js:328:13)
    at /home/ec2-user/client/node_modules/express/lib/router/index.js:286:9
    at Function.process_params (/home/ec2-user/client/node_modules/express/lib/router/index.js:346:12)
    at next (/home/ec2-user/client/node_modules/express/lib/router/index.js:280:10)
    at SendStream.error (/home/ec2-user/client/node_modules/serve-static/index.js:121:7)
    at SendStream.emit (node:events:527:28)
    at SendStream.error (/home/ec2-user/client/node_modules/send/index.js:270:17)
ForbiddenError: Forbidden
    at /home/ec2-user/client/node_modules/serve-index/index.js:125:19
    at middleware (/home/ec2-user/client/node_modules/webpack-dev-server/lib/Server.js:2355:18)
    at Layer.handle [as handle_request] (/home/ec2-user/client/node_modules/express/lib/router/layer.js:95:5)
    at trim_prefix (/home/ec2-user/client/node_modules/express/lib/router/index.js:328:13)
    at /home/ec2-user/client/node_modules/express/lib/router/index.js:286:9
    at Function.process_params (/home/ec2-user/client/node_modules/express/lib/router/index.js:346:12)
    at next (/home/ec2-user/client/node_modules/express/lib/router/index.js:280:10)
    at SendStream.error (/home/ec2-user/client/node_modules/serve-static/index.js:121:7)
    at SendStream.emit (node:events:527:28)
    at SendStream.error (/home/ec2-user/client/node_modules/send/index.js:270:17)
URIError: Failed to decode param '/%C0'
    at decodeURIComponent (<anonymous>)
    at decode_param (/home/ec2-user/client/node_modules/express/lib/router/layer.js:172:12)
    at Layer.match (/home/ec2-user/client/node_modules/express/lib/router/layer.js:123:27)
    at matchLayer (/home/ec2-user/client/node_modules/express/lib/router/index.js:585:18)
    at next (/home/ec2-user/client/node_modules/express/lib/router/index.js:226:15)
    at expressInit (/home/ec2-user/client/node_modules/express/lib/middleware/init.js:40:5)
    at Layer.handle [as handle_request] (/home/ec2-user/client/node_modules/express/lib/router/layer.js:95:5)
    at trim_prefix (/home/ec2-user/client/node_modules/express/lib/router/index.js:328:13)
    at /home/ec2-user/client/node_modules/express/lib/router/index.js:286:9
    at Function.process_params (/home/ec2-user/client/node_modules/express/lib/router/index.js:346:12)
